npm notice 
npm notice 📦  demo-webify@0.2.10-alpha.9
npm notice === Tarball Contents === 
npm notice 1.1kB package.json                        
npm notice 1.3MB dist/democracy.0.2.10_alpha.9.min.js
npm notice 2.2kB dist/index.html                     
npm notice === Tarball Details === 
npm notice name:          demo-webify                             
npm notice version:       0.2.10-alpha.9                          
npm notice package size:  392.8 kB                                
npm notice unpacked size: 1.3 MB                                  
npm notice shasum:        691ca7cf9de93f0089266e02a10bcdf7c3a7c356
npm notice integrity:     sha512-cVGDQNR1f+bJ+[...]gBczWwNgR2DSA==
npm notice total files:   3                                       
npm notice 
npm ERR! publish Failed PUT 403
npm ERR! code E403
npm ERR! You cannot publish over the previously published versions: 0.2.10-alpha.9. : demo-webify

npm ERR! A complete log of this run can be found in:
npm ERR!     /Users/ppham/.npm/_logs/2019-05-24T19_50_34_112Z-debug.log
