browserfs: 629.62 KB (18.0%)
@invisible-college/keythereum: 365.55 KB (10.5%)
  secp256k1: 29.15 KB (7.97%)
  uuid: 5.16 KB (1.41%)
  <self>: 331.24 KB (90.6%)
chai: 285.29 KB (8.16%)
ethjs-signer: 284.93 KB (8.15%)
  elliptic: 188.57 KB (66.2%)
    bn.js: 83.98 KB (44.5%)
    <self>: 104.6 KB (55.5%)
  bn.js: 83.97 KB (29.5%)
  rlp: 5.81 KB (2.04%)
  number-to-bn: 1.97 KB (0.692%)
  <self>: 4.6 KB (1.61%)
core-js: 244.09 KB (6.99%)
immutable: 148.78 KB (4.26%)
ethjs-contract: 112.61 KB (3.22%)
  bn.js: 83.97 KB (74.6%)
  ethjs-abi: 18.51 KB (16.4%)
  <self>: 10.12 KB (8.99%)
ethjs-abi: 102.66 KB (2.94%)
  bn.js: 83.97 KB (81.8%)
  <self>: 18.69 KB (18.2%)
elliptic: 101.66 KB (2.91%)
ethjs-unit: 89.45 KB (2.56%)
  bn.js: 83.97 KB (93.9%)
  <self>: 5.48 KB (6.13%)
ethjs: 87.18 KB (2.49%)
  bn.js: 83.97 KB (96.3%)
  <self>: 3.21 KB (3.68%)
number-to-bn: 86.12 KB (2.46%)
  bn.js: 83.97 KB (97.5%)
  <self>: 2.15 KB (2.50%)
bn.js: 83.98 KB (2.40%)
readable-stream: 68.02 KB (1.95%)
asn1.js: 41.38 KB (1.18%)
sjcl: 36.13 KB (1.03%)
secp256k1: 29.25 KB (0.837%)
hash.js: 27.71 KB (0.793%)
babel-runtime: 26.18 KB (0.749%)
  regenerator-runtime: 24.86 KB (95.0%)
  <self>: 1.32 KB (5.02%)
browserify-aes: 25.86 KB (0.740%)
ethereumjs-utils: 25.7 KB (0.735%)
  ethjs-util: 5.77 KB (22.5%)
  <self>: 19.92 KB (77.5%)
ethereumjs-util: 24.37 KB (0.697%)
  ethjs-util: 5.77 KB (23.7%)
  <self>: 18.59 KB (76.3%)
@babel/polyfill: 24.08 KB (0.689%)
  regenerator-runtime: 23.21 KB (96.4%)
  <self>: 893 B (3.62%)
ethjs-query: 23.77 KB (0.680%)
  ethjs-format: 9.25 KB (38.9%)
  ethjs-schema: 6.05 KB (25.5%)
  ethjs-rpc: 3.15 KB (13.2%)
  <self>: 5.32 KB (22.4%)
url: 23.3 KB (0.667%)
colors: 21.79 KB (0.624%)
util: 19.5 KB (0.558%)
stream-http: 19.21 KB (0.550%)
sha.js: 18.65 KB (0.534%)
type-detect: 16.24 KB (0.465%)
punycode: 15.78 KB (0.452%)
des.js: 15.51 KB (0.444%)
js-sha3: 15.39 KB (0.441%)
assert: 15.27 KB (0.437%)
deep-eql: 14.91 KB (0.427%)
keccak: 14.57 KB (0.417%)
diffie-hellman: 14.18 KB (0.406%)
bops: 13.83 KB (0.396%)
  base64-js: 3.69 KB (26.7%)
  <self>: 10.15 KB (73.3%)
events: 13.13 KB (0.376%)
browserify-sign: 11.49 KB (0.329%)
parse-asn1: 10.88 KB (0.311%)
string_decoder: 9.34 KB (0.267%)
pathval: 7.48 KB (0.214%)
rlp: 6.42 KB (0.184%)
pbkdf2: 6.29 KB (0.180%)
public-encrypt: 5.92 KB (0.169%)
setimmediate: 5.81 KB (0.166%)
ethjs-util: 5.77 KB (0.165%)
ethjs-filter: 5.62 KB (0.161%)
querystring-es3: 5.44 KB (0.156%)
check-error: 4.85 KB (0.139%)
md5.js: 4.56 KB (0.131%)
ripemd160: 4.46 KB (0.128%)
ethjs-provider-signer: 4.2 KB (0.120%)
bip66: 3.8 KB (0.109%)
vm-browserify: 3.79 KB (0.108%)
stream-browserify: 3.53 KB (0.101%)
core-util-is: 3.27 KB (0.0935%)
randomfill: 2.99 KB (0.0855%)
dotenv: 2.95 KB (0.0844%)
ethjs-provider-http: 2.92 KB (0.0837%)
crypto-browserify: 2.9 KB (0.0831%)
ethjs-rpc: 2.8 KB (0.0801%)
hmac-drbg: 2.78 KB (0.0796%)
create-ecdh: 2.69 KB (0.0771%)
create-hmac: 2.56 KB (0.0733%)
assertion-error: 2.37 KB (0.0678%)
miller-rabin: 2.36 KB (0.0674%)
hash-base: 2.34 KB (0.0670%)
cipher-base: 2.24 KB (0.0640%)
browserify-cipher: 2.04 KB (0.0583%)
brorand: 1.91 KB (0.0545%)
timers-browserify: 1.85 KB (0.0529%)
builtin-status-codes: 1.75 KB (0.0501%)
util-deprecate: 1.57 KB (0.0450%)
randombytes: 1.56 KB (0.0447%)
safe-buffer: 1.52 KB (0.0436%)
browserify-des: 1.51 KB (0.0432%)
to-utf8: 1.48 KB (0.0423%)
webpack: 1.47 KB (0.0422%)
evp_bytestokey: 1.2 KB (0.0343%)
browserify-rsa: 1.18 KB (0.0338%)
get-func-name: 1.1 KB (0.0314%)
minimalistic-crypto-utils: 1.09 KB (0.0311%)
process-nextick-args: 1.07 KB (0.0307%)
os-browserify: 974 B (0.0272%)
to-arraybuffer: 933 B (0.0261%)
is-hex-prefixed: 850 B (0.0238%)
create-hash: 756 B (0.0211%)
inherits: 688 B (0.0192%)
promise-to-callback: 379 B (0.0106%)
strip-hex-prefix: 360 B (0.0101%)
xtend: 347 B (0.00970%)
minimalistic-assert: 241 B (0.00674%)
buffer-xor: 209 B (0.00584%)
set-immediate-shim: 208 B (0.00581%)
indexof: 202 B (0.00565%)
is-fn: 143 B (0.00400%)
isarray: 131 B (0.00366%)
xhr2: 32 B (0.000894%)
brorand crypt: 15 B (0.000419%)
@invisible-college: 15 B (0.000419%)
<self>: 95.39 KB (2.73%)

Note: The file sizes are calculated before minification, and might not reflect the real file sizes in the production bundle.
